<?xml version="1.0" encoding="UTF-8"?>
<!-- Generated by org.testng.reporters.JUnitReportReporter -->
<testsuite hostname="acer-PC" name="sample.Test1" tests="3" failures="0" timestamp="28 Jun 2014 06:55:01 GMT" time="103.282" errors="0">
  <testcase name="test" time="34.234" classname="sample.Test1"/>
  <testcase name="test" time="34.982" classname="sample.Test1"/>
  <testcase name="test" time="34.066" classname="sample.Test1"/>
</testsuite> <!-- sample.Test1 -->
